Using pre-set license
Built from '2020.3/release' branch; Version is '2020.3.2f1 (8fd9074bf66c) revision 9427207'; Using compiler version '192528614'; Build Type 'Release'
OS: 'Windows 10 Home; OS build 19042.985; Version 2009; 64bit' Language: 'en' Physical Memory: 16235 MB
BatchMode: 1, IsHumanControllingUs: 0, StartBugReporterOnCrash: 0, Is64bit: 1, IsPro: 0

 COMMAND LINE ARGUMENTS:
C:\Program Files\2020.3.2f1\Editor\Unity.exe
-adb2
-batchMode
-noUpm
-name
AssetImportWorker0
-projectPath
C:/Users/Jacob/Downloads/Cave Game Project/Cave Game
-logFile
Logs/AssetImportWorker0.log
-srvPort
57941
Successfully changed project path to: C:/Users/Jacob/Downloads/Cave Game Project/Cave Game
C:/Users/Jacob/Downloads/Cave Game Project/Cave Game
Using Asset Import Pipeline V2.
Refreshing native plugins compatible for Editor in 35.03 ms, found 0 plugins.
Preloading 0 native plugins for Editor in 0.00 ms.
Initialize engine version: 2020.3.2f1 (8fd9074bf66c)
[Subsystems] Discovering subsystems at path C:/Program Files/2020.3.2f1/Editor/Data/Resources/UnitySubsystems
[Subsystems] Discovering subsystems at path C:/Users/Jacob/Downloads/Cave Game Project/Cave Game/Assets
GfxDevice: creating device client; threaded=0
Direct3D:
    Version:  Direct3D 11.0 [level 11.1]
    Renderer: NVIDIA GeForce GTX 1650 (ID=0x1f91)
    Vendor:   
    VRAM:     3962 MB
    Driver:   26.21.14.4587
Initialize mono
Mono path[0] = 'C:/Program Files/2020.3.2f1/Editor/Data/Managed'
Mono path[1] = 'C:/Program Files/2020.3.2f1/Editor/Data/MonoBleedingEdge/lib/mono/unityjit'
Mono config path = 'C:/Program Files/2020.3.2f1/Editor/Data/MonoBleedingEdge/etc'
Using monoOptions --debugger-agent=transport=dt_socket,embedding=1,server=y,suspend=n,address=127.0.0.1:56948
Begin MonoManager ReloadAssembly
Registering precompiled unity dll's ...
Register platform support module: C:/Program Files/2020.3.2f1/Editor/Data/PlaybackEngines/WindowsStandaloneSupport/UnityEditor.WindowsStandalone.Extensions.dll
Registered in 0.001565 seconds.
Native extension for WindowsStandalone target not found
Refreshing native plugins compatible for Editor in 33.23 ms, found 0 plugins.
Preloading 0 native plugins for Editor in 0.00 ms.
Invoked RoslynAnalysisRunner static constructor.
RoslynAnalysisRunner will not be running.
RoslynAnalysisRunner has terminated.
Mono: successfully reloaded assembly
- Completed reload, in  0.980 seconds
Platform modules already initialized, skipping
Registering precompiled user dll's ...
Registered in 0.001747 seconds.
Begin MonoManager ReloadAssembly
Native extension for WindowsStandalone target not found
Refreshing native plugins compatible for Editor in 0.37 ms, found 0 plugins.
Preloading 0 native plugins for Editor in 0.00 ms.
Invoked RoslynAnalysisRunner static constructor.
RoslynAnalysisRunner will not be running.
RoslynAnalysisRunner has terminated.
Mono: successfully reloaded assembly
- Completed reload, in  0.780 seconds
Platform modules already initialized, skipping
========================================================================
Worker process is ready to serve import requests
Launched and connected shader compiler UnityShaderCompiler.exe after 0.04 seconds
Refreshing native plugins compatible for Editor in 0.43 ms, found 0 plugins.
Preloading 0 native plugins for Editor in 0.00 ms.
Unloading 1432 Unused Serialized files (Serialized files now loaded: 0)
System memory in use before: 65.5 MB.
System memory in use after: 65.6 MB.

Unloading 33 unused Assets to reduce memory usage. Loaded Objects now: 1862.
Total: 1.890800 ms (FindLiveObjects: 0.249300 ms CreateObjectMapping: 0.159800 ms MarkObjects: 1.424400 ms  DeleteObjects: 0.056100 ms)

========================================================================
Received Import Request.
  path: Assets/Village Terrain.asset
  artifactKey: Guid(301c7c757fdbe3e43ba2c92e545707d2) Importer(815301076,1909f56bfc062723c751e8b465ee728b)
Start importing Assets/Village Terrain.asset using Guid(301c7c757fdbe3e43ba2c92e545707d2) Importer(815301076,1909f56bfc062723c751e8b465ee728b)  -> (artifact id: '210d3517cdc1381b108a6062a2f71de6') in 0.202979 seconds
  Import took 0.205539 seconds .

========================================================================
Received Import Request.
  Time since last request: 317.972049 seconds.
  path: Assets/Cave Game.unity
  artifactKey: Guid(cbc92aa0f78ccce4cb5e9113eda37289) Importer(815301076,1909f56bfc062723c751e8b465ee728b)
Start importing Assets/Cave Game.unity using Guid(cbc92aa0f78ccce4cb5e9113eda37289) Importer(815301076,1909f56bfc062723c751e8b465ee728b)  -> (artifact id: 'c02d7fcd9dc721e4a1e86aaf5e115338') in 0.006859 seconds
  Import took 0.009421 seconds .

========================================================================
Received Import Request.
  Time since last request: 0.006957 seconds.
  path: Assets/Cave Game.unity
  artifactKey: Guid(cbc92aa0f78ccce4cb5e9113eda37289) Importer(815301076,1909f56bfc062723c751e8b465ee728b)
Start importing Assets/Cave Game.unity using Guid(cbc92aa0f78ccce4cb5e9113eda37289) Importer(815301076,1909f56bfc062723c751e8b465ee728b)  -> (artifact id: 'c02d7fcd9dc721e4a1e86aaf5e115338') in 0.002472 seconds
  Import took 0.005174 seconds .

========================================================================
Received Import Request.
  Time since last request: 2.229066 seconds.
  path: Assets/Village.unity
  artifactKey: Guid(c9afdf3e109a83648b6cfa91cd0c49f8) Importer(815301076,1909f56bfc062723c751e8b465ee728b)
Start importing Assets/Village.unity using Guid(c9afdf3e109a83648b6cfa91cd0c49f8) Importer(815301076,1909f56bfc062723c751e8b465ee728b)  -> (artifact id: '01fc7631ad66355c325bd87ef364c88a') in 0.008616 seconds
  Import took 0.012395 seconds .

AssetImportWorkerClient::OnTransportError - code=2 error=End of file
